<?xml version="1.0" encoding="UTF-8"?>
<!-- Generated by org.testng.reporters.JUnitXMLReporter -->
<testsuite hostname="P5-GKTM882" name="Test-Regression" tests="3" failures="1" timestamp="14 Jun 2019 06:00:59 GMT" time="0.093" errors="0">
  <testcase name="test1" time="0.031" classname="testngFeatures.DemoAssertion"/>
  <testcase name="test2" time="0.006" classname="testngFeatures.DemoAssertion">
    <failure type="java.lang.AssertionError" message="error msg-is less than 20 expected [true] but found [false]">
      <![CDATA[java.lang.AssertionError: error msg-is less than 20 expected [true] but found [false]
	at testngFeatures.DemoAssertion.test2(DemoAssertion.java:16)
	at java.util.concurrent.FutureTask.run(Unknown Source)
	at java.util.concurrent.ThreadPoolExecutor.runWorker(Unknown Source)
	at java.util.concurrent.ThreadPoolExecutor$Worker.run(Unknown Source)
	at java.lang.Thread.run(Unknown Source)
... Removed 19 stack frames]]>
    </failure>
  </testcase> <!-- test2 -->
  <testcase name="test3" time="0.002" classname="testngFeatures.DemoAssertion"/>
</testsuite> <!-- Test-Regression -->
