<?xml version="1.0" encoding="UTF-8"?>
<!-- Generated by org.testng.reporters.JUnitReportReporter -->
<testsuite hostname="P5-GKTM882" name="demoWebdriver.DemoNavigation" tests="1" failures="0" timestamp="14 Jun 2019 11:26:11 GMT" time="18.868" errors="0">
  <testcase name="f" time="18.868" classname="demoWebdriver.DemoNavigation"/>
</testsuite> <!-- demoWebdriver.DemoNavigation -->
