<?xml version="1.0" encoding="UTF-8"?>
<!-- Generated by org.testng.reporters.JUnitReportReporter -->
<testsuite hostname="P5-GKTM882" name="basics.JUNe_Selenium.MercuryTours" tests="1" failures="0" timestamp="13 Jun 2019 12:13:35 GMT" time="2.392" errors="0">
  <testcase name="f" time="2.392" classname="basics.JUNe_Selenium.MercuryTours"/>
</testsuite> <!-- basics.JUNe_Selenium.MercuryTours -->
