<?xml version="1.0" encoding="UTF-8"?>
<!-- Generated by org.testng.reporters.JUnitReportReporter -->
<testsuite hostname="P5-GKTM882" name="testngFeatures.DemoDataProvider" tests="3" failures="0" timestamp="14 Jun 2019 06:17:55 GMT" time="0.007" errors="0">
  <testcase name="f" time="0.002" classname="testngFeatures.DemoDataProvider"/>
  <testcase name="f" time="0.003" classname="testngFeatures.DemoDataProvider"/>
  <testcase name="f" time="0.002" classname="testngFeatures.DemoDataProvider"/>
</testsuite> <!-- testngFeatures.DemoDataProvider -->
