<?xml version="1.0" encoding="UTF-8"?>
<!-- Generated by org.testng.reporters.JUnitReportReporter -->
<testsuite hostname="P5-GKTM882" name="demoWebdriver.DemoFrame" tests="1" failures="0" timestamp="17 Jun 2019 05:21:45 GMT" time="21.187" errors="0">
  <testcase name="f" time="21.187" classname="demoWebdriver.DemoFrame"/>
</testsuite> <!-- demoWebdriver.DemoFrame -->
