<?xml version="1.0" encoding="UTF-8"?>
<!-- Generated by org.testng.reporters.JUnitReportReporter -->
<testsuite hostname="P5-GKTM882" name="demoExcel.TestMeAppLoginDDT" tests="3" failures="0" timestamp="18 Jun 2019 06:47:03 GMT" time="7.048" errors="0">
  <testcase name="testmeapplogin" time="4.822" classname="demoExcel.TestMeAppLoginDDT"/>
  <testcase name="testmeapplogin" time="1.234" classname="demoExcel.TestMeAppLoginDDT"/>
  <testcase name="testmeapplogin" time="0.992" classname="demoExcel.TestMeAppLoginDDT"/>
</testsuite> <!-- demoExcel.TestMeAppLoginDDT -->
