<?xml version="1.0" encoding="UTF-8"?>
<!-- Generated by org.testng.reporters.JUnitReportReporter -->
<testsuite hostname="P5-GKTM882" name="demoExcel.DemoCreateWB" tests="1" failures="0" timestamp="17 Jun 2019 11:48:21 GMT" time="0.780" errors="0">
  <testcase name="f" time="0.780" classname="demoExcel.DemoCreateWB"/>
</testsuite> <!-- demoExcel.DemoCreateWB -->
