<?xml version="1.0" encoding="UTF-8"?>
<!-- Generated by org.testng.reporters.JUnitReportReporter -->
<testsuite hostname="P5-GKTM882" name="demoExcel.DemoWriteExcel" tests="1" failures="0" timestamp="18 Jun 2019 05:17:37 GMT" time="1.684" errors="0">
  <testcase name="f" time="1.684" classname="demoExcel.DemoWriteExcel"/>
</testsuite> <!-- demoExcel.DemoWriteExcel -->
