<?xml version="1.0" encoding="UTF-8"?>
<!-- Generated by org.testng.reporters.JUnitReportReporter -->
<testsuite hostname="P5-GKTM882" name="demoWebdriver.DemoExplicitWait" tests="1" failures="0" timestamp="17 Jun 2019 10:18:48 GMT" time="2.315" errors="0">
  <testcase name="f" time="2.315" classname="demoWebdriver.DemoExplicitWait"/>
</testsuite> <!-- demoWebdriver.DemoExplicitWait -->
