<?xml version="1.0" encoding="UTF-8"?>
<!-- Generated by org.testng.reporters.JUnitReportReporter -->
<testsuite hostname="P5-GKTM882" name="demoWebdriver.DemoUrlandSource" tests="1" failures="0" timestamp="14 Jun 2019 11:15:26 GMT" time="6.759" errors="0">
  <testcase name="f" time="6.759" classname="demoWebdriver.DemoUrlandSource"/>
</testsuite> <!-- demoWebdriver.DemoUrlandSource -->
