<?xml version="1.0" encoding="UTF-8"?>
<!-- Generated by org.testng.reporters.JUnitReportReporter -->
<testsuite hostname="P5-GKTM882" name="demoExcel.TestMeAppLoginDDT2ExtentReports" tests="3" failures="0" timestamp="18 Jun 2019 09:00:06 GMT" time="8.714" errors="0">
  <testcase name="testmeapplogin" time="1.420" classname="demoExcel.TestMeAppLoginDDT2ExtentReports"/>
  <testcase name="testmeapplogin" time="1.217" classname="demoExcel.TestMeAppLoginDDT2ExtentReports"/>
  <testcase name="testmeapplogin" time="6.077" classname="demoExcel.TestMeAppLoginDDT2ExtentReports"/>
</testsuite> <!-- demoExcel.TestMeAppLoginDDT2ExtentReports -->
