<?xml version="1.0" encoding="UTF-8"?>
<!-- Generated by org.testng.reporters.JUnitReportReporter -->
<testsuite hostname="P5-GKTM882" name="demoActions.DemoWindowHandle" tests="1" failures="0" timestamp="17 Jun 2019 09:24:50 GMT" time="11.223" errors="0">
  <testcase name="f" time="11.223" classname="demoActions.DemoWindowHandle"/>
</testsuite> <!-- demoActions.DemoWindowHandle -->
