<?xml version="1.0" encoding="UTF-8"?>
<!-- Generated by org.testng.reporters.JUnitReportReporter -->
<testsuite hostname="P5-GKTM882" name="demoExcel.DemoReadData" tests="1" failures="0" timestamp="18 Jun 2019 04:59:28 GMT" time="0.783" errors="0">
  <testcase name="f" time="0.783" classname="demoExcel.DemoReadData"/>
</testsuite> <!-- demoExcel.DemoReadData -->
