<?xml version="1.0" encoding="UTF-8"?>
<!-- Generated by org.testng.reporters.JUnitReportReporter -->
<testsuite hostname="P5-GKTM882" name="demoWebdriver.MercuryRegister" tests="1" failures="0" timestamp="14 Jun 2019 09:15:53 GMT" time="27.220" errors="0">
  <testcase name="Register" time="27.220" classname="demoWebdriver.MercuryRegister"/>
</testsuite> <!-- demoWebdriver.MercuryRegister -->
