<?xml version="1.0" encoding="UTF-8"?>
<!-- Generated by org.testng.reporters.JUnitReportReporter -->
<testsuite hostname="P5-GKTM882" name="demoWebdriver.MercuryLogin" tests="1" failures="0" timestamp="14 Jun 2019 06:56:09 GMT" time="69.842" errors="0">
  <testcase name="MercuryApp" time="69.842" classname="demoWebdriver.MercuryLogin"/>
</testsuite> <!-- demoWebdriver.MercuryLogin -->
