<?xml version="1.0" encoding="UTF-8"?>
<!-- Generated by org.testng.reporters.JUnitReportReporter -->
<testsuite hostname="P5-GKTM882" name="demoActions.DemoHandleMenu" tests="1" failures="0" timestamp="17 Jun 2019 06:53:58 GMT" time="10.761" errors="0">
  <testcase name="f" time="10.761" classname="demoActions.DemoHandleMenu"/>
</testsuite> <!-- demoActions.DemoHandleMenu -->
