<?xml version="1.0" encoding="UTF-8"?>
<!-- Generated by org.testng.reporters.JUnitReportReporter -->
<testsuite hostname="P5-GKTM882" name="demoActions.DemoDragndDrop" tests="1" failures="0" timestamp="17 Jun 2019 06:20:58 GMT" time="5.141" errors="0">
  <testcase name="f" time="5.141" classname="demoActions.DemoDragndDrop"/>
</testsuite> <!-- demoActions.DemoDragndDrop -->
