<?xml version="1.0" encoding="UTF-8"?>
<!-- Generated by org.testng.reporters.JUnitReportReporter -->
<testsuite hostname="P5-GKTM882" name="demoWebdriver.HerokuAppLogin" tests="1" failures="0" timestamp="14 Jun 2019 10:06:13 GMT" time="8.186" errors="0">
  <testcase name="f" time="8.186" classname="demoWebdriver.HerokuAppLogin"/>
</testsuite> <!-- demoWebdriver.HerokuAppLogin -->
