<?xml version="1.0" encoding="UTF-8"?>
<!-- Generated by org.testng.reporters.JUnitReportReporter -->
<testsuite hostname="P5-GKTM882" name="demoWebdriver.casestudy3" tests="1" failures="0" timestamp="19 Jun 2019 05:49:07 GMT" time="5.511" errors="0">
  <testcase name="f" time="5.511" classname="demoWebdriver.casestudy3"/>
</testsuite> <!-- demoWebdriver.casestudy3 -->
