<?xml version="1.0" encoding="UTF-8"?>
<!-- Generated by org.testng.reporters.JUnitReportReporter -->
<testsuite hostname="P5-GKTM882" name="testngFeatures.DemoExecutionSequence" tests="1" failures="0" timestamp="14 Jun 2019 06:17:55 GMT" time="0.004" errors="0">
  <testcase name="f" time="0.004" classname="testngFeatures.DemoExecutionSequence"/>
</testsuite> <!-- testngFeatures.DemoExecutionSequence -->
