<?xml version="1.0" encoding="UTF-8"?>
<!-- Generated by org.testng.reporters.JUnitReportReporter -->
<testsuite hostname="P5-GKTM882" name="demoWebdriver.DemoAlert" tests="1" failures="0" timestamp="17 Jun 2019 04:45:36 GMT" time="9.387" errors="0">
  <testcase name="f" time="9.387" classname="demoWebdriver.DemoAlert"/>
</testsuite> <!-- demoWebdriver.DemoAlert -->
