<?xml version="1.0" encoding="UTF-8"?>
<!-- Generated by org.testng.reporters.JUnitReportReporter -->
<testsuite hostname="P5-GKTM882" name="basics.JUNe_Selenium.OpenGoogle" tests="1" failures="0" timestamp="13 Jun 2019 11:48:07 GMT" time="1.675" errors="0">
  <testcase name="f" time="1.675" classname="basics.JUNe_Selenium.OpenGoogle"/>
</testsuite> <!-- basics.JUNe_Selenium.OpenGoogle -->
